----------------------------------------------------------------
2012-01-18 20:36:49.584 GMT:
 Booting Derby version The Apache Software Foundation - Apache Derby - 10.5.3.0 - (802917): instance a816c00e-0134-f289-44b2-000000d7d6c0
on database directory C:\AmitK\work\project\poc\Projects\Jackrabbit\repository\version\db  

Database Class Loader started - derby.database.classpath=''
----------------------------------------------------------------
2012-01-18 20:36:50.181 GMT:
 Booting Derby version The Apache Software Foundation - Apache Derby - 10.5.3.0 - (802917): instance 888c4022-0134-f289-44b2-000000d7d6c0
on database directory C:\AmitK\work\project\poc\Projects\Jackrabbit\repository\workspaces\default\db  

Database Class Loader started - derby.database.classpath=''
----------------------------------------------------------------
2012-01-18 20:36:50.811 GMT:
 Booting Derby version The Apache Software Foundation - Apache Derby - 10.5.3.0 - (802917): instance e1734037-0134-f289-44b2-000000d7d6c0
on database directory C:\AmitK\work\project\poc\Projects\Jackrabbit\repository\workspaces\security\db  

Database Class Loader started - derby.database.classpath=''

2012-01-18 20:36:51.314 GMT:
Shutting down instance 888c4022-0134-f289-44b2-000000d7d6c0
----------------------------------------------------------------

2012-01-18 20:36:51.723 GMT:
Shutting down instance e1734037-0134-f289-44b2-000000d7d6c0
----------------------------------------------------------------

2012-01-18 20:36:51.959 GMT:
Shutting down instance a816c00e-0134-f289-44b2-000000d7d6c0
----------------------------------------------------------------
